2024-05-31 22:40:59,433 - WARNING - Memory usage is at 91.36%!
2024-05-31 22:40:59,451 - WARNING - Disk usage on C:\ is at 97.76%!
2024-05-31 22:40:59,451 - WARNING - There are 270 running processes!
2024-05-31 22:40:59,451 - WARNING - Disk usage on D:\ is at 78.78%!
2024-05-31 22:40:59,451 - WARNING - Disk usage on E:\ is at 90.10%!
2024-05-31 22:41:04,450 - WARNING - Memory usage is at 91.44%!
2024-05-31 22:41:04,465 - WARNING - There are 270 running processes!
2024-05-31 22:41:04,465 - WARNING - Disk usage on C:\ is at 97.76%!
2024-05-31 22:41:04,465 - WARNING - Disk usage on D:\ is at 78.78%!
2024-05-31 22:41:04,465 - WARNING - Disk usage on E:\ is at 90.10%!
2024-05-31 22:41:09,464 - WARNING - Memory usage is at 91.65%!
2024-05-31 22:41:09,486 - WARNING - There are 270 running processes!
2024-05-31 22:41:09,486 - WARNING - Disk usage on C:\ is at 97.76%!
2024-05-31 22:41:09,486 - WARNING - Disk usage on D:\ is at 78.78%!
2024-05-31 22:41:09,486 - WARNING - Disk usage on E:\ is at 90.10%!
2024-05-31 22:41:14,485 - WARNING - Memory usage is at 94.02%!
2024-05-31 22:41:14,507 - WARNING - There are 271 running processes!
2024-05-31 22:41:14,507 - WARNING - Disk usage on C:\ is at 97.76%!
2024-05-31 22:41:14,507 - WARNING - Disk usage on D:\ is at 78.78%!
2024-05-31 22:41:14,507 - WARNING - Disk usage on E:\ is at 90.10%!
2024-05-31 22:41:19,517 - WARNING - Memory usage is at 93.43%!
2024-05-31 22:41:19,529 - WARNING - There are 271 running processes!
2024-05-31 22:41:19,529 - WARNING - Disk usage on C:\ is at 97.76%!
2024-05-31 22:41:19,529 - WARNING - Disk usage on D:\ is at 78.78%!
2024-05-31 22:41:19,538 - WARNING - Disk usage on E:\ is at 90.10%!
2024-05-31 22:41:24,533 - WARNING - Memory usage is at 93.51%!
2024-05-31 22:41:24,556 - WARNING - There are 271 running processes!
2024-05-31 22:41:24,561 - WARNING - Disk usage on C:\ is at 97.76%!
2024-05-31 22:41:24,563 - WARNING - Disk usage on D:\ is at 78.78%!
2024-05-31 22:41:24,564 - WARNING - Disk usage on E:\ is at 90.10%!
2024-05-31 22:41:29,546 - WARNING - Memory usage is at 94.23%!
2024-05-31 22:41:29,563 - WARNING - There are 273 running processes!
2024-05-31 22:41:29,577 - WARNING - Disk usage on C:\ is at 97.76%!
2024-05-31 22:41:29,577 - WARNING - Disk usage on D:\ is at 78.78%!
2024-05-31 22:41:29,578 - WARNING - Disk usage on E:\ is at 90.10%!
2024-05-31 22:41:34,563 - WARNING - Memory usage is at 94.60%!
2024-05-31 22:41:34,587 - WARNING - There are 273 running processes!
2024-05-31 22:41:34,587 - WARNING - Disk usage on C:\ is at 97.76%!
2024-05-31 22:41:34,588 - WARNING - Disk usage on D:\ is at 78.78%!
2024-05-31 22:41:34,588 - WARNING - Disk usage on E:\ is at 90.10%!
2024-05-31 22:41:39,578 - WARNING - Memory usage is at 94.07%!
2024-05-31 22:41:39,596 - WARNING - There are 272 running processes!
2024-05-31 22:41:39,596 - WARNING - Disk usage on C:\ is at 97.76%!
2024-05-31 22:41:39,596 - WARNING - Disk usage on D:\ is at 78.78%!
2024-05-31 22:41:39,596 - WARNING - Disk usage on E:\ is at 90.10%!
2024-05-31 22:41:44,606 - WARNING - Memory usage is at 94.70%!
2024-05-31 22:41:44,622 - WARNING - There are 273 running processes!
2024-05-31 22:41:44,623 - WARNING - Disk usage on C:\ is at 97.76%!
2024-05-31 22:41:44,623 - WARNING - Disk usage on D:\ is at 78.78%!
2024-05-31 22:41:44,623 - WARNING - Disk usage on E:\ is at 90.10%!
2024-05-31 22:41:49,499 - WARNING - CPU usage is at 11.1%!
2024-05-31 22:41:49,624 - WARNING - Memory usage is at 94.18%!
2024-05-31 22:41:49,639 - WARNING - Disk usage on C:\ is at 97.76%!
2024-05-31 22:41:49,647 - WARNING - There are 273 running processes!
2024-05-31 22:41:49,648 - WARNING - Disk usage on D:\ is at 78.78%!
2024-05-31 22:41:49,648 - WARNING - Disk usage on E:\ is at 90.10%!
2024-05-31 22:41:54,639 - WARNING - Memory usage is at 94.22%!
2024-05-31 22:41:54,662 - WARNING - There are 273 running processes!
2024-05-31 22:41:54,662 - WARNING - Disk usage on C:\ is at 97.76%!
2024-05-31 22:41:54,662 - WARNING - Disk usage on D:\ is at 78.78%!
2024-05-31 22:41:54,666 - WARNING - Disk usage on E:\ is at 90.10%!
2024-05-31 22:41:59,658 - WARNING - Memory usage is at 94.15%!
2024-05-31 22:41:59,679 - WARNING - Disk usage on C:\ is at 97.76%!
2024-05-31 22:41:59,679 - WARNING - There are 273 running processes!
2024-05-31 22:41:59,684 - WARNING - Disk usage on D:\ is at 78.78%!
2024-05-31 22:41:59,685 - WARNING - Disk usage on E:\ is at 90.10%!
2024-05-31 22:42:04,670 - WARNING - Memory usage is at 94.09%!
2024-05-31 22:42:04,689 - WARNING - There are 273 running processes!
2024-05-31 22:42:04,689 - WARNING - Disk usage on C:\ is at 97.76%!
2024-05-31 22:42:04,689 - WARNING - Disk usage on D:\ is at 78.78%!
2024-05-31 22:42:04,689 - WARNING - Disk usage on E:\ is at 90.10%!
2024-05-31 22:42:09,687 - WARNING - Memory usage is at 91.78%!
2024-05-31 22:42:09,711 - WARNING - There are 272 running processes!
2024-05-31 22:42:09,711 - WARNING - Disk usage on C:\ is at 97.76%!
2024-05-31 22:42:09,712 - WARNING - Disk usage on D:\ is at 78.78%!
2024-05-31 22:42:09,713 - WARNING - Disk usage on E:\ is at 90.10%!
2024-05-31 22:42:14,697 - WARNING - Memory usage is at 94.40%!
2024-05-31 22:42:14,719 - WARNING - There are 273 running processes!
2024-05-31 22:42:14,719 - WARNING - Disk usage on C:\ is at 97.76%!
2024-05-31 22:42:14,719 - WARNING - Disk usage on D:\ is at 78.78%!
2024-05-31 22:42:14,724 - WARNING - Disk usage on E:\ is at 90.10%!
2024-05-31 22:42:19,713 - WARNING - Memory usage is at 92.76%!
2024-05-31 22:42:19,742 - WARNING - There are 272 running processes!
2024-05-31 22:42:19,743 - WARNING - Disk usage on C:\ is at 97.76%!
2024-05-31 22:42:19,743 - WARNING - Disk usage on D:\ is at 78.78%!
2024-05-31 22:42:19,743 - WARNING - Disk usage on E:\ is at 90.10%!
2024-05-31 22:42:24,716 - WARNING - Memory usage is at 93.77%!
2024-05-31 22:42:24,754 - WARNING - There are 274 running processes!
2024-05-31 22:42:24,754 - WARNING - Disk usage on C:\ is at 97.76%!
2024-05-31 22:42:24,754 - WARNING - Disk usage on D:\ is at 78.78%!
2024-05-31 22:42:24,754 - WARNING - Disk usage on E:\ is at 90.10%!
2024-05-31 23:22:31,110 - WARNING - Memory usage is at 85.75%!
2024-05-31 23:22:31,126 - WARNING - Disk usage on C:\ is at 97.59%!
2024-05-31 23:22:31,126 - WARNING - There are 275 running processes!
2024-05-31 23:22:31,126 - WARNING - Disk usage on D:\ is at 78.78%!
2024-05-31 23:22:31,126 - WARNING - Disk usage on E:\ is at 90.10%!
2024-05-31 23:22:36,139 - WARNING - Memory usage is at 84.81%!
2024-05-31 23:22:36,155 - WARNING - There are 273 running processes!
2024-05-31 23:22:36,155 - WARNING - Disk usage on C:\ is at 97.59%!
2024-05-31 23:22:36,155 - WARNING - Disk usage on D:\ is at 78.78%!
2024-05-31 23:22:36,155 - WARNING - Disk usage on E:\ is at 90.10%!
2024-05-31 23:22:41,164 - WARNING - Memory usage is at 84.64%!
2024-05-31 23:22:41,172 - WARNING - Disk usage on C:\ is at 97.59%!
2024-05-31 23:22:41,172 - WARNING - There are 273 running processes!
2024-05-31 23:22:41,172 - WARNING - Disk usage on D:\ is at 78.78%!
2024-05-31 23:22:41,172 - WARNING - Disk usage on E:\ is at 90.10%!
